Determining if the pthread_create exist failed with the following output:
Change Dir: /home/rdt/Desktop/RMC20-git/gcs_code_py/build/CMakeFiles/CMakeTmp

Run Build Command:"/usr/bin/make" "cmTC_c7694/fast"
/usr/bin/make -f CMakeFiles/cmTC_c7694.dir/build.make CMakeFiles/cmTC_c7694.dir/build
make[1]: Entering directory '/home/rdt/Desktop/RMC20-git/gcs_code_py/build/CMakeFiles/CMakeTmp'
Building C object CMakeFiles/cmTC_c7694.dir/CheckSymbolExists.c.o
/usr/bin/cc    -o CMakeFiles/cmTC_c7694.dir/CheckSymbolExists.c.o   -c /home/rdt/Desktop/RMC20-git/gcs_code_py/build/CMakeFiles/CMakeTmp/CheckSymbolExists.c
Linking C executable cmTC_c7694
/usr/bin/cmake -E cmake_link_script CMakeFiles/cmTC_c7694.dir/link.txt --verbose=1
/usr/bin/cc      -rdynamic CMakeFiles/cmTC_c7694.dir/CheckSymbolExists.c.o  -o cmTC_c7694 
CMakeFiles/cmTC_c7694.dir/CheckSymbolExists.c.o: In function `main':
CheckSymbolExists.c:(.text+0x1b): undefined reference to `pthread_create'
collect2: error: ld returned 1 exit status
CMakeFiles/cmTC_c7694.dir/build.make:97: recipe for target 'cmTC_c7694' failed
make[1]: *** [cmTC_c7694] Error 1
make[1]: Leaving directory '/home/rdt/Desktop/RMC20-git/gcs_code_py/build/CMakeFiles/CMakeTmp'
Makefile:126: recipe for target 'cmTC_c7694/fast' failed
make: *** [cmTC_c7694/fast] Error 2

File /home/rdt/Desktop/RMC20-git/gcs_code_py/build/CMakeFiles/CMakeTmp/CheckSymbolExists.c:
/* */
#include <pthread.h>

int main(int argc, char** argv)
{
  (void)argv;
#ifndef pthread_create
  return ((int*)(&pthread_create))[argc];
#else
  (void)argc;
  return 0;
#endif
}

Determining if the function pthread_create exists in the pthreads failed with the following output:
Change Dir: /home/rdt/Desktop/RMC20-git/gcs_code_py/build/CMakeFiles/CMakeTmp

Run Build Command:"/usr/bin/make" "cmTC_8d881/fast"
/usr/bin/make -f CMakeFiles/cmTC_8d881.dir/build.make CMakeFiles/cmTC_8d881.dir/build
make[1]: Entering directory '/home/rdt/Desktop/RMC20-git/gcs_code_py/build/CMakeFiles/CMakeTmp'
Building C object CMakeFiles/cmTC_8d881.dir/CheckFunctionExists.c.o
/usr/bin/cc   -DCHECK_FUNCTION_EXISTS=pthread_create   -o CMakeFiles/cmTC_8d881.dir/CheckFunctionExists.c.o   -c /usr/share/cmake-3.10/Modules/CheckFunctionExists.c
Linking C executable cmTC_8d881
/usr/bin/cmake -E cmake_link_script CMakeFiles/cmTC_8d881.dir/link.txt --verbose=1
/usr/bin/cc  -DCHECK_FUNCTION_EXISTS=pthread_create    -rdynamic CMakeFiles/cmTC_8d881.dir/CheckFunctionExists.c.o  -o cmTC_8d881 -lpthreads 
/usr/bin/ld: cannot find -lpthreads
collect2: error: ld returned 1 exit status
CMakeFiles/cmTC_8d881.dir/build.make:97: recipe for target 'cmTC_8d881' failed
make[1]: *** [cmTC_8d881] Error 1
make[1]: Leaving directory '/home/rdt/Desktop/RMC20-git/gcs_code_py/build/CMakeFiles/CMakeTmp'
Makefile:126: recipe for target 'cmTC_8d881/fast' failed
make: *** [cmTC_8d881/fast] Error 2


