Determining if the pthread_create exist failed with the following output:
Change Dir: /home/rdt/Desktop/RMC20-nucnodes/nuc_code/build/CMakeFiles/CMakeTmp

Run Build Command:"/usr/bin/make" "cmTC_f7e9b/fast"
/usr/bin/make -f CMakeFiles/cmTC_f7e9b.dir/build.make CMakeFiles/cmTC_f7e9b.dir/build
make[1]: Entering directory '/home/rdt/Desktop/RMC20-nucnodes/nuc_code/build/CMakeFiles/CMakeTmp'
Building C object CMakeFiles/cmTC_f7e9b.dir/CheckSymbolExists.c.o
/usr/bin/cc    -o CMakeFiles/cmTC_f7e9b.dir/CheckSymbolExists.c.o   -c /home/rdt/Desktop/RMC20-nucnodes/nuc_code/build/CMakeFiles/CMakeTmp/CheckSymbolExists.c
Linking C executable cmTC_f7e9b
/usr/bin/cmake -E cmake_link_script CMakeFiles/cmTC_f7e9b.dir/link.txt --verbose=1
/usr/bin/cc      -rdynamic CMakeFiles/cmTC_f7e9b.dir/CheckSymbolExists.c.o  -o cmTC_f7e9b 
CMakeFiles/cmTC_f7e9b.dir/CheckSymbolExists.c.o: In function `main':
CheckSymbolExists.c:(.text+0x1b): undefined reference to `pthread_create'
collect2: error: ld returned 1 exit status
CMakeFiles/cmTC_f7e9b.dir/build.make:97: recipe for target 'cmTC_f7e9b' failed
make[1]: *** [cmTC_f7e9b] Error 1
make[1]: Leaving directory '/home/rdt/Desktop/RMC20-nucnodes/nuc_code/build/CMakeFiles/CMakeTmp'
Makefile:126: recipe for target 'cmTC_f7e9b/fast' failed
make: *** [cmTC_f7e9b/fast] Error 2

File /home/rdt/Desktop/RMC20-nucnodes/nuc_code/build/CMakeFiles/CMakeTmp/CheckSymbolExists.c:
/* */
#include <pthread.h>

int main(int argc, char** argv)
{
  (void)argv;
#ifndef pthread_create
  return ((int*)(&pthread_create))[argc];
#else
  (void)argc;
  return 0;
#endif
}

Determining if the function pthread_create exists in the pthreads failed with the following output:
Change Dir: /home/rdt/Desktop/RMC20-nucnodes/nuc_code/build/CMakeFiles/CMakeTmp

Run Build Command:"/usr/bin/make" "cmTC_87f1a/fast"
/usr/bin/make -f CMakeFiles/cmTC_87f1a.dir/build.make CMakeFiles/cmTC_87f1a.dir/build
make[1]: Entering directory '/home/rdt/Desktop/RMC20-nucnodes/nuc_code/build/CMakeFiles/CMakeTmp'
Building C object CMakeFiles/cmTC_87f1a.dir/CheckFunctionExists.c.o
/usr/bin/cc   -DCHECK_FUNCTION_EXISTS=pthread_create   -o CMakeFiles/cmTC_87f1a.dir/CheckFunctionExists.c.o   -c /usr/share/cmake-3.10/Modules/CheckFunctionExists.c
Linking C executable cmTC_87f1a
/usr/bin/cmake -E cmake_link_script CMakeFiles/cmTC_87f1a.dir/link.txt --verbose=1
/usr/bin/cc  -DCHECK_FUNCTION_EXISTS=pthread_create    -rdynamic CMakeFiles/cmTC_87f1a.dir/CheckFunctionExists.c.o  -o cmTC_87f1a -lpthreads 
/usr/bin/ld: cannot find -lpthreads
collect2: error: ld returned 1 exit status
CMakeFiles/cmTC_87f1a.dir/build.make:97: recipe for target 'cmTC_87f1a' failed
make[1]: *** [cmTC_87f1a] Error 1
make[1]: Leaving directory '/home/rdt/Desktop/RMC20-nucnodes/nuc_code/build/CMakeFiles/CMakeTmp'
Makefile:126: recipe for target 'cmTC_87f1a/fast' failed
make: *** [cmTC_87f1a/fast] Error 2


